2025-11-11 10:17:13,241 [ERROR] LogOutputStream:75 - [STDERR_REDIRECT] 
2025-11-11 16:32:55,585 [INFO] Activator:176 - 


2025-11-11 16:32:55,586 [INFO] Activator:177 - !SESSION log4j initialized
2025-11-11 16:32:58,629 [INFO] LogOutputStream:77 - [STDOUT_REDIRECT] 
2025-11-11 16:32:59,076 [INFO] ApplicationProperties:184 - Using Application install path: /opt/st/stm32cubeide_1.19.0/plugins/com.st.stm32cube.common.mx_6.15.0.202507011659
2025-11-11 16:32:59,086 [INFO] DbMcusXml:78 - Set database path to: /opt/st/stm32cubeide_1.19.0/plugins/com.st.stm32cube.common.mx_6.15.0.202507011659//db//mcu/
2025-11-11 16:32:59,086 [INFO] ApiDb:274 - Set plugin database path to: /opt/st/stm32cubeide_1.19.0/plugins/com.st.stm32cube.common.mx_6.15.0.202507011659//db//plugins/boardmanager/
2025-11-11 16:32:59,086 [WARN] ApiDb:259 - Overriding images path with different value:  => /opt/st/stm32cubeide_1.19.0/plugins/com.st.stm32cube.common.mx_6.15.0.202507011659//db//plugins/mcufinder/images/
2025-11-11 16:32:59,088 [INFO] ApiDb:250 - Set database path to: /home/john/.stmcufinder/plugins/mcufinder//mcu/
2025-11-11 16:32:59,088 [INFO] DbMcusAds:125 - Set database path to: /home/john/.stmcufinder/plugins/mcufinder//mcu/
2025-11-11 16:32:59,089 [INFO] CrossReferenceDbSqlite:203 - Set database path to: /home/john/.stmcufinder/plugins/mcufinder//mcu/cs/
2025-11-11 16:32:59,173 [INFO] RulesReader:64 - Compatibility file has been processed (317 Rules)
2025-11-11 16:32:59,215 [INFO] DbMcusXml:78 - Set database path to: /opt/st/stm32cubeide_1.19.0/plugins/com.st.stm32cube.common.mx_6.15.0.202507011659//db//mcu/
2025-11-11 16:32:59,215 [INFO] ApiDb:274 - Set plugin database path to: /opt/st/stm32cubeide_1.19.0/plugins/com.st.stm32cube.common.mx_6.15.0.202507011659//db//plugins/boardmanager/
2025-11-11 16:32:59,215 [INFO] ApiDb:261 - Set plugin images path to: /opt/st/stm32cubeide_1.19.0/plugins/com.st.stm32cube.common.mx_6.15.0.202507011659//db//plugins/mcufinder/images/
2025-11-11 16:32:59,216 [WARN] DbFile:41 - Overriding database path with different value: /home/john/.stmcufinder/plugins/mcufinder/ => /home/john/.stmcufinder/plugins/mcufinder
2025-11-11 16:32:59,216 [INFO] ApiDb:250 - Set database path to: /home/john/.stmcufinder/plugins/mcufinder//mcu/
2025-11-11 16:32:59,216 [WARN] DbFile:41 - Overriding database path with different value: /home/john/.stmcufinder/plugins/mcufinder/ => /home/john/.stmcufinder/plugins/mcufinder
2025-11-11 16:32:59,216 [INFO] DbMcusAds:125 - Set database path to: /home/john/.stmcufinder/plugins/mcufinder//mcu/
2025-11-11 16:32:59,216 [WARN] DbFile:41 - Overriding database path with different value: /home/john/.stmcufinder/plugins/mcufinder/ => /home/john/.stmcufinder/plugins/mcufinder
2025-11-11 16:32:59,216 [WARN] DbFile:41 - Overriding database path with different value: /home/john/.stmcufinder/plugins/mcufinder/ => /home/john/.stmcufinder/plugins/mcufinder
2025-11-11 16:32:59,216 [INFO] CrossReferenceDbSqlite:203 - Set database path to: /home/john/.stmcufinder/plugins/mcufinder//mcu/cs/
2025-11-11 16:32:59,261 [INFO] MainPanel:274 - HeapMemory: 268435456
2025-11-11 16:32:59,344 [INFO] DbMcusXml:78 - Set database path to: /opt/st/stm32cubeide_1.19.0/plugins/com.st.stm32cube.common.mx_6.15.0.202507011659//db//mcu/
2025-11-11 16:32:59,345 [INFO] ApiDb:274 - Set plugin database path to: /opt/st/stm32cubeide_1.19.0/plugins/com.st.stm32cube.common.mx_6.15.0.202507011659//db//plugins/boardmanager/
2025-11-11 16:32:59,345 [INFO] ApiDb:261 - Set plugin images path to: /opt/st/stm32cubeide_1.19.0/plugins/com.st.stm32cube.common.mx_6.15.0.202507011659//db//plugins/mcufinder/images/
2025-11-11 16:32:59,345 [WARN] DbFile:41 - Overriding database path with different value: /home/john/.stmcufinder/plugins/mcufinder/ => /home/john/.stmcufinder/plugins/mcufinder
2025-11-11 16:32:59,345 [INFO] ApiDb:250 - Set database path to: /home/john/.stmcufinder/plugins/mcufinder//mcu/
2025-11-11 16:32:59,345 [WARN] DbFile:41 - Overriding database path with different value: /home/john/.stmcufinder/plugins/mcufinder/ => /home/john/.stmcufinder/plugins/mcufinder
2025-11-11 16:32:59,345 [INFO] DbMcusAds:125 - Set database path to: /home/john/.stmcufinder/plugins/mcufinder//mcu/
2025-11-11 16:32:59,345 [WARN] DbFile:41 - Overriding database path with different value: /home/john/.stmcufinder/plugins/mcufinder/ => /home/john/.stmcufinder/plugins/mcufinder
2025-11-11 16:32:59,345 [WARN] DbFile:41 - Overriding database path with different value: /home/john/.stmcufinder/plugins/mcufinder/ => /home/john/.stmcufinder/plugins/mcufinder
2025-11-11 16:32:59,345 [INFO] CrossReferenceDbSqlite:203 - Set database path to: /home/john/.stmcufinder/plugins/mcufinder//mcu/cs/
2025-11-11 16:32:59,358 [INFO] ApplicationProperties:184 - Using Application install path: /opt/st/stm32cubeide_1.19.0/plugins/com.st.stm32cube.common.mx_6.15.0.202507011659
2025-11-11 16:32:59,359 [INFO] PluginManage:196 - Search for loadable plugins [exclusion list=, ]
2025-11-11 16:32:59,360 [INFO] PluginManage:310 - Check plugin analytics
2025-11-11 16:32:59,451 [INFO] AnalyticsPlugin:253 - Accepted Software Licenses: 
2025-11-11 16:32:59,451 [INFO] AnalyticsPlugin:255 - Accepted CMSIS Pack Licenses: 
2025-11-11 16:32:59,452 [INFO] AnalyticsPlugin:257 - Accepted Firmware Licenses: FW.L4.1.18.0
2025-11-11 16:32:59,453 [INFO] PluginManage:359 - Loaded plugin analytics (category:tool,tabindex:-1)
2025-11-11 16:32:59,453 [INFO] PluginManage:310 - Check plugin cadmodel
2025-11-11 16:32:59,456 [INFO] CADModel:105 - Init CAD model plugin
2025-11-11 16:32:59,456 [INFO] PluginManage:359 - Loaded plugin cadmodel (category:power,tabindex:5)
2025-11-11 16:32:59,456 [INFO] PluginManage:310 - Check plugin clock
2025-11-11 16:32:59,461 [INFO] PluginManage:359 - Loaded plugin clock (category:base,tabindex:2)
2025-11-11 16:32:59,461 [INFO] PluginManage:310 - Check plugin ddr
2025-11-11 16:32:59,462 [INFO] PluginManage:359 - Loaded plugin ddr (category:tool,tabindex:6)
2025-11-11 16:32:59,462 [INFO] PluginManage:310 - Check plugin filemanager
2025-11-11 16:32:59,549 [INFO] PluginManage:359 - Loaded plugin filemanager (category:base,tabindex:10)
2025-11-11 16:32:59,550 [INFO] PluginManage:310 - Check plugin ipmanager
2025-11-11 16:32:59,553 [INFO] PluginManage:359 - Loaded plugin ipmanager (category:base,tabindex:5)
2025-11-11 16:32:59,553 [INFO] PluginManage:310 - Check plugin lpbam
2025-11-11 16:32:59,559 [INFO] PluginManage:359 - Loaded plugin lpbam (category:base,tabindex:0)
2025-11-11 16:32:59,559 [INFO] PluginManage:310 - Check plugin memorymap
2025-11-11 16:32:59,566 [INFO] PluginManage:359 - Loaded plugin memorymap (category:base,tabindex:4)
2025-11-11 16:32:59,567 [INFO] PluginManage:310 - Check plugin pinoutandconfiguration
2025-11-11 16:32:59,572 [INFO] PluginManage:359 - Loaded plugin pinoutandconfiguration (category:base,tabindex:1)
2025-11-11 16:32:59,572 [INFO] PluginManage:310 - Check plugin pinoutconfig
2025-11-11 16:32:59,628 [WARN] SupportedApi:132 - Cannot load RTOS API schema: s4s-elt-must-match.1: The content of 'definitions' must match (annotation?, (simpleType | complexType)?, (unique | key | keyref)*)). A problem was found starting at: attribute.
2025-11-11 16:32:59,702 [INFO] PluginManage:359 - Loaded plugin pinoutconfig (category:base,tabindex:0)
2025-11-11 16:32:59,702 [INFO] PluginManage:310 - Check plugin power
2025-11-11 16:32:59,707 [INFO] PluginManage:359 - Loaded plugin power (category:power,tabindex:4)
2025-11-11 16:32:59,707 [INFO] PluginManage:310 - Check plugin projectmanager
2025-11-11 16:32:59,718 [INFO] PluginManage:359 - Loaded plugin projectmanager (category:projectmanager,tabindex:4)
2025-11-11 16:32:59,718 [INFO] PluginManage:310 - Check plugin rif
2025-11-11 16:32:59,724 [INFO] PluginManage:359 - Loaded plugin rif (category:base,tabindex:3)
2025-11-11 16:32:59,724 [INFO] PluginManage:310 - Check plugin thirdparty
2025-11-11 16:32:59,811 [INFO] PluginManage:359 - Loaded plugin thirdparty (category:base,tabindex:-1)
2025-11-11 16:32:59,811 [INFO] PluginManage:310 - Check plugin tools
2025-11-11 16:32:59,811 [WARN] IntegrityCheckThread:84 - waiting for thirdparty lock release [integrity check]
2025-11-11 16:32:59,811 [INFO] IntegrityCheckThread:86 - entering critical section [integrity check]
2025-11-11 16:32:59,812 [INFO] ThirdPartyUpdaterWithRetryManager:70 - Updater plugin not ready yet. [1/15]
2025-11-11 16:32:59,813 [INFO] PluginManage:359 - Loaded plugin tools (category:base,tabindex:7)
2025-11-11 16:32:59,813 [INFO] PluginManage:310 - Check plugin tutovideos
2025-11-11 16:32:59,939 [INFO] PluginManage:359 - Loaded plugin tutovideos (category:base,tabindex:-1)
2025-11-11 16:32:59,939 [INFO] PluginManage:310 - Check plugin updater
2025-11-11 16:32:59,953 [INFO] PluginManage:359 - Loaded plugin updater (category:base,tabindex:12)
2025-11-11 16:32:59,953 [INFO] PluginManage:310 - Check plugin userauth
2025-11-11 16:32:59,956 [INFO] UserAuth:118 - Init User Auth plugin
2025-11-11 16:32:59,956 [INFO] PluginManage:359 - Loaded plugin userauth (category:base,tabindex:14)
2025-11-11 16:32:59,956 [INFO] PluginManage:283 - PluginManage : Loaded plugins [18]
2025-11-11 16:33:00,082 [INFO] PinOutPanel:1589 - setPackage(No Configuration,No Configuration)
2025-11-11 16:33:00,126 [INFO] CADModel:165 - CPN selected for project level
2025-11-11 16:33:00,126 [INFO] CADModel:114 - Register for checkConnection events
2025-11-11 16:33:00,136 [INFO] IPUIPlugin:80 - create IPUIPlugin
2025-11-11 16:33:00,136 [INFO] PluginManager:220 - loadIPPluginJar : add ipddr
2025-11-11 16:33:00,137 [INFO] IPUIPlugin:80 - create IPUIPlugin
2025-11-11 16:33:00,137 [INFO] PluginManager:220 - loadIPPluginJar : add tim
2025-11-11 16:33:00,139 [INFO] IPUIPlugin:80 - create IPUIPlugin
2025-11-11 16:33:00,139 [INFO] PluginManager:220 - loadIPPluginJar : add usart
2025-11-11 16:33:00,140 [INFO] IPUIPlugin:80 - create IPUIPlugin
2025-11-11 16:33:00,140 [INFO] PluginManager:220 - loadIPPluginJar : add spi
2025-11-11 16:33:00,145 [INFO] IPUIPlugin:80 - create IPUIPlugin
2025-11-11 16:33:00,145 [INFO] PluginManager:220 - loadIPPluginJar : add fmc
2025-11-11 16:33:00,146 [INFO] IPUIPlugin:80 - create IPUIPlugin
2025-11-11 16:33:00,146 [INFO] PluginManager:220 - loadIPPluginJar : add comp
2025-11-11 16:33:00,147 [INFO] IPUIPlugin:80 - create IPUIPlugin
2025-11-11 16:33:00,147 [INFO] PluginManager:220 - loadIPPluginJar : add genericplugin
2025-11-11 16:33:00,148 [INFO] IPUIPlugin:80 - create IPUIPlugin
2025-11-11 16:33:00,148 [INFO] PluginManager:220 - loadIPPluginJar : add ucpd
2025-11-11 16:33:00,149 [INFO] IPUIPlugin:80 - create IPUIPlugin
2025-11-11 16:33:00,150 [INFO] PluginManager:220 - loadIPPluginJar : add gtzc
2025-11-11 16:33:00,150 [INFO] IPUIPlugin:80 - create IPUIPlugin
2025-11-11 16:33:00,150 [INFO] PluginManager:220 - loadIPPluginJar : add fatfs
2025-11-11 16:33:00,154 [INFO] IPUIPlugin:80 - create IPUIPlugin
2025-11-11 16:33:00,155 [INFO] PluginManager:220 - loadIPPluginJar : add mdma
2025-11-11 16:33:00,156 [INFO] IPUIPlugin:80 - create IPUIPlugin
2025-11-11 16:33:00,156 [INFO] PluginManager:220 - loadIPPluginJar : add gfxmmu
2025-11-11 16:33:00,157 [INFO] IPUIPlugin:80 - create IPUIPlugin
2025-11-11 16:33:00,158 [INFO] PluginManager:220 - loadIPPluginJar : add radio
2025-11-11 16:33:00,162 [INFO] IPUIPlugin:80 - create IPUIPlugin
2025-11-11 16:33:00,163 [INFO] PluginManager:220 - loadIPPluginJar : add plateformsettings
2025-11-11 16:33:00,167 [INFO] IPUIPlugin:80 - create IPUIPlugin
2025-11-11 16:33:00,167 [INFO] PluginManager:220 - loadIPPluginJar : add freertos
2025-11-11 16:33:00,169 [INFO] IPUIPlugin:80 - create IPUIPlugin
2025-11-11 16:33:00,169 [INFO] PluginManager:220 - loadIPPluginJar : add ts
2025-11-11 16:33:00,172 [INFO] IPUIPlugin:80 - create IPUIPlugin
2025-11-11 16:33:00,172 [INFO] PluginManager:220 - loadIPPluginJar : add gic
2025-11-11 16:33:00,173 [INFO] IPUIPlugin:80 - create IPUIPlugin
2025-11-11 16:33:00,173 [INFO] PluginManager:220 - loadIPPluginJar : add i2s
2025-11-11 16:33:00,174 [INFO] IPUIPlugin:80 - create IPUIPlugin
2025-11-11 16:33:00,174 [INFO] PluginManager:220 - loadIPPluginJar : add ltdc
2025-11-11 16:33:00,178 [INFO] IPUIPlugin:80 - create IPUIPlugin
2025-11-11 16:33:00,178 [INFO] PluginManager:220 - loadIPPluginJar : add dma
2025-11-11 16:33:00,180 [INFO] IPUIPlugin:80 - create IPUIPlugin
2025-11-11 16:33:00,180 [INFO] PluginManager:220 - loadIPPluginJar : add resmgrutility
2025-11-11 16:33:00,182 [INFO] IPUIPlugin:80 - create IPUIPlugin
2025-11-11 16:33:00,182 [INFO] PluginManager:220 - loadIPPluginJar : add i3c
2025-11-11 16:33:00,183 [INFO] IPUIPlugin:80 - create IPUIPlugin
2025-11-11 16:33:00,183 [INFO] PluginManager:220 - loadIPPluginJar : add tracer_emb
2025-11-11 16:33:00,184 [INFO] IPUIPlugin:80 - create IPUIPlugin
2025-11-11 16:33:00,184 [INFO] PluginManager:220 - loadIPPluginJar : add tsc
2025-11-11 16:33:00,186 [INFO] IPUIPlugin:80 - create IPUIPlugin
2025-11-11 16:33:00,186 [INFO] PluginManager:220 - loadIPPluginJar : add nvic
2025-11-11 16:33:00,188 [INFO] IPUIPlugin:80 - create IPUIPlugin
2025-11-11 16:33:00,188 [INFO] PluginManager:220 - loadIPPluginJar : add opamp
2025-11-11 16:33:00,190 [INFO] IPUIPlugin:80 - create IPUIPlugin
2025-11-11 16:33:00,190 [INFO] PluginManager:220 - loadIPPluginJar : add sai
2025-11-11 16:33:00,192 [INFO] IPUIPlugin:80 - create IPUIPlugin
2025-11-11 16:33:00,192 [INFO] PluginManager:220 - loadIPPluginJar : add ddr_ctrl_phy
2025-11-11 16:33:00,195 [INFO] IPUIPlugin:80 - create IPUIPlugin
2025-11-11 16:33:00,195 [INFO] PluginManager:220 - loadIPPluginJar : add gpio
2025-11-11 16:33:00,197 [INFO] IPUIPlugin:80 - create IPUIPlugin
2025-11-11 16:33:00,197 [INFO] PluginManager:220 - loadIPPluginJar : add cryp
2025-11-11 16:33:00,198 [INFO] IPUIPlugin:80 - create IPUIPlugin
2025-11-11 16:33:00,198 [INFO] PluginManager:220 - loadIPPluginJar : add i2c
2025-11-11 16:33:00,199 [INFO] IPUIPlugin:80 - create IPUIPlugin
2025-11-11 16:33:00,199 [INFO] PluginManager:220 - loadIPPluginJar : add usbx
2025-11-11 16:33:00,200 [INFO] IPUIPlugin:80 - create IPUIPlugin
2025-11-11 16:33:00,200 [INFO] PluginManager:220 - loadIPPluginJar : add lorawan
2025-11-11 16:33:00,204 [INFO] IPUIPlugin:80 - create IPUIPlugin
2025-11-11 16:33:00,204 [INFO] PluginManager:220 - loadIPPluginJar : add adc
2025-11-11 16:33:00,206 [INFO] IPUIPlugin:80 - create IPUIPlugin
2025-11-11 16:33:00,206 [INFO] PluginManager:220 - loadIPPluginJar : add aes
2025-11-11 16:33:00,207 [INFO] IPUIPlugin:80 - create IPUIPlugin
2025-11-11 16:33:00,207 [INFO] PluginManager:220 - loadIPPluginJar : add can
2025-11-11 16:33:00,208 [INFO] IPUIPlugin:80 - create IPUIPlugin
2025-11-11 16:33:00,208 [INFO] PluginManager:220 - loadIPPluginJar : add hash
2025-11-11 16:33:00,209 [INFO] IPUIPlugin:80 - create IPUIPlugin
2025-11-11 16:33:00,210 [INFO] PluginManager:220 - loadIPPluginJar : add openamp
2025-11-11 16:33:00,211 [INFO] IPUIPlugin:80 - create IPUIPlugin
2025-11-11 16:33:00,211 [INFO] PluginManager:220 - loadIPPluginJar : add extmemmanager
2025-11-11 16:33:00,216 [INFO] IPUIPlugin:80 - create IPUIPlugin
2025-11-11 16:33:00,216 [INFO] PluginManager:220 - loadIPPluginJar : add linkedlist
2025-11-11 16:33:00,219 [INFO] IPUIPlugin:80 - create IPUIPlugin
2025-11-11 16:33:00,220 [INFO] PluginManager:220 - loadIPPluginJar : add stm32_wpan
2025-11-11 16:33:00,221 [INFO] IPUIPlugin:80 - create IPUIPlugin
2025-11-11 16:33:00,221 [INFO] PluginManager:220 - loadIPPluginJar : add touchsensing
2025-11-11 16:33:00,222 [INFO] IPUIPlugin:80 - create IPUIPlugin
2025-11-11 16:33:00,222 [INFO] PluginManager:220 - loadIPPluginJar : add pdm2pcm
2025-11-11 16:33:00,224 [INFO] IPUIPlugin:80 - create IPUIPlugin
2025-11-11 16:33:00,224 [INFO] PluginManager:220 - loadIPPluginJar : add dma3
2025-11-11 16:33:00,225 [INFO] IPUIPlugin:80 - create IPUIPlugin
2025-11-11 16:33:00,225 [INFO] PluginManager:220 - loadIPPluginJar : add dfsdm
2025-11-11 16:33:00,227 [INFO] IPUIPlugin:80 - create IPUIPlugin
2025-11-11 16:33:00,227 [INFO] PluginManager:220 - loadIPPluginJar : add quadspi
2025-11-11 16:33:00,322 [FATAL] Updater:351 - Updater called before beeing initialized
2025-11-11 16:33:00,340 [INFO] RulesReader:64 - Compatibility file has been processed (317 Rules)
2025-11-11 16:33:00,348 [INFO] RulesReader:64 - Compatibility file has been processed (317 Rules)
2025-11-11 16:33:00,355 [INFO] CADModel:165 - CPN selected for project level
2025-11-11 16:33:00,355 [INFO] CADModel:114 - Register for checkConnection events
2025-11-11 16:33:00,355 [FATAL] Updater:351 - Updater called before beeing initialized
2025-11-11 16:33:00,355 [ERROR] CADModel:125 - Updater not yet initialized, retry later 
2025-11-11 16:33:00,436 [FATAL] Updater:351 - Updater called before beeing initialized
2025-11-11 16:33:00,437 [INFO] CADModel:165 - CPN selected for project level
2025-11-11 16:33:00,437 [INFO] CADModel:114 - Register for checkConnection events
2025-11-11 16:33:00,437 [FATAL] Updater:351 - Updater called before beeing initialized
2025-11-11 16:33:00,437 [ERROR] CADModel:125 - Updater not yet initialized, retry later 
2025-11-11 16:33:00,439 [FATAL] Updater:351 - Updater called before beeing initialized
2025-11-11 16:33:00,495 [FATAL] Updater:351 - Updater called before beeing initialized
2025-11-11 16:33:00,498 [INFO] DbMcusAds:53 - JSON generation date=Fri Nov 07 06:13:48 EST 2025 (1762514028714)
2025-11-11 16:33:00,498 [FATAL] Updater:351 - Updater called before beeing initialized
2025-11-11 16:33:00,519 [WARN] DetailPanel:346 - Failed to get advertising image, set to default
2025-11-11 16:33:00,570 [FATAL] Updater:351 - Updater called before beeing initialized
2025-11-11 16:33:00,571 [FATAL] Updater:351 - Updater called before beeing initialized
2025-11-11 16:33:00,571 [FATAL] Updater:351 - Updater called before beeing initialized
2025-11-11 16:33:00,572 [WARN] DetailPanel:346 - Failed to get advertising image, set to default
2025-11-11 16:33:00,572 [FATAL] Updater:351 - Updater called before beeing initialized
2025-11-11 16:33:00,591 [ERROR] Updater:1198 - MainUpdater not yet initialized. External WinMGr cannot be set.
2025-11-11 16:33:00,592 [INFO] Updater:1134 - Updater Version found : 6.15.0
2025-11-11 16:33:00,603 [INFO] ApplicationProperties:184 - Using Application install path: /opt/st/stm32cubeide_1.19.0/plugins/com.st.stm32cube.common.mx_6.15.0.202507011659
2025-11-11 16:33:00,791 [INFO] MainUpdater:2872 - connection check result : 10
2025-11-11 16:33:00,791 [INFO] MainUpdater:3604 - Updater definition file requires update
2025-11-11 16:33:00,792 [INFO] MainUpdater:289 - Updater Check For Update Now.
2025-11-11 16:33:00,792 [INFO] MicroXplorer:498 - Change Database Version : DB.6.0.150
2025-11-11 16:33:00,795 [INFO] McuFinderGlobals:63 - Set McuFinder mode to 2 (CubeIDE integrated)
2025-11-11 16:33:00,795 [INFO] UserAuth:487 - Internet connection configuration mode: 1
2025-11-11 16:33:00,804 [INFO] JxBrowserEngine:152 - Initiate JxBrowser Engine with user profile folder
2025-11-11 16:33:00,961 [INFO] ServerAccessManage:452 - Complete download http(s) 200
2025-11-11 16:33:00,963 [INFO] ServerAccessManage:509 - Download File updaters.zip
2025-11-11 16:33:01,034 [INFO] FileExtend:248 - Unzip File : updaters.zip
2025-11-11 16:33:01,035 [INFO] FileExtend:263 - Standard Zip Deflate
2025-11-11 16:33:01,250 [INFO] WebApp:169 - Instantiating new browser for Auth
2025-11-11 16:33:01,270 [INFO] ServerAccessManage:452 - Complete download http(s) 200
2025-11-11 16:33:01,271 [INFO] ServerAccessManage:509 - Download File PacksControlFlags.xml
2025-11-11 16:33:01,476 [INFO] ServerAccessManage:452 - Complete download http(s) 200
2025-11-11 16:33:01,476 [INFO] ServerAccessManage:509 - Download File cubemx.pidx
2025-11-11 16:33:01,994 [INFO] WebApp:463 - Apply proxy settings
2025-11-11 16:33:01,995 [INFO] WebApp:548 - Chromium requires no authentication
2025-11-11 16:33:02,001 [INFO] WebApp:491 - Direct internet connection detected
2025-11-11 16:33:02,019 [INFO] WebApp:900 - Register for checkConnection events
2025-11-11 16:33:02,020 [INFO] WebApp:463 - Apply proxy settings
2025-11-11 16:33:02,020 [INFO] WebApp:548 - Chromium requires no authentication
2025-11-11 16:33:02,020 [INFO] WebApp:491 - Direct internet connection detected
2025-11-11 16:33:02,165 [INFO] WebApp:225 - Starting web application
2025-11-11 16:33:02,166 [INFO] WebApp:593 - Web application path used /opt/st/stm32cubeide_1.19.0/plugins/com.st.stm32cube.common.mx_6.15.0.202507011659/db/plugins/mcufinder/reactClient1/index.html
2025-11-11 16:33:02,380 [INFO] WebApp:191 - Connection restablished
2025-11-11 16:33:02,812 [WARN] MainUpdater:1193 - Updater busy. Cannot search thirdparties
2025-11-11 16:33:02,813 [INFO] ThirdPartyUpdaterWithRetryManager:96 - Updater plugin is busy. [1/15]
2025-11-11 16:33:02,851 [INFO] UserAuth:487 - Internet connection configuration mode: 1
2025-11-11 16:33:02,855 [INFO] ServerAccessManage:452 - Complete download http(s) 200
2025-11-11 16:33:02,855 [INFO] ServerAccessManage:509 - Download File Avnet-IOTCONNECT.X-CUBE-iotc-st67-sdk.pdsc
2025-11-11 16:33:02,940 [INFO] PopulateThirdPartyThread:66 - Ending populate Thread
2025-11-11 16:33:02,942 [INFO] ThirdParty:1030 - CMSIS Pack Vendor :Avnet-IOTCONNECT X-CUBE-iotc-st67-sdk 1.0.0
2025-11-11 16:33:02,942 [INFO] LoadServerUpdatesThread:375 - End of LoadServerUpdate Thread
2025-11-11 16:33:03,060 [INFO] CheckServerUpdateThread:120 - End of CheckServer Thread
2025-11-11 16:33:05,872 [WARN] PackLoader:240 - Cannot read IP mode file for STMicroelectronics.FP-SNS-MOTENVWB1.1.4.0
2025-11-11 16:33:05,876 [WARN] PackLoader:240 - Cannot read IP mode file for STMicroelectronics.FP-ATR-ASTRA1.2.0.2
2025-11-11 16:33:05,881 [WARN] PackLoader:240 - Cannot read IP mode file for STMicroelectronics.X-CUBE-SMBUS.2.1.0
2025-11-11 16:33:05,884 [WARN] PackLoader:240 - Cannot read IP mode file for STMicroelectronics.X-CUBE-ST60.1.0.0
2025-11-11 16:33:05,900 [WARN] PackLoader:240 - Cannot read IP mode file for STMicroelectronics.X-CUBE-AZRTOS-F7.1.1.0
2025-11-11 16:33:05,906 [WARN] PackLoader:240 - Cannot read IP mode file for STMicroelectronics.FP-SNS-MOTENV1.5.1.0
2025-11-11 16:33:05,912 [WARN] PackLoader:240 - Cannot read IP mode file for WES.I-CUBE-Cesium.1.4.0
2025-11-11 16:33:05,925 [WARN] PackLoader:240 - Cannot read IP mode file for Infineon.AIROC-Wi-Fi-Bluetooth-STM32.1.7.1
2025-11-11 16:33:05,942 [WARN] PackLoader:240 - Cannot read IP mode file for STMicroelectronics.X-CUBE-AZRTOS-H7.3.4.0
2025-11-11 16:33:05,949 [WARN] PackLoader:240 - Cannot read IP mode file for STMicroelectronics.X-CUBE-DISPLAY.3.0.0
2025-11-11 16:33:05,955 [WARN] PackLoader:240 - Cannot read IP mode file for STMicroelectronics.X-CUBE-NFC10.1.0.0
2025-11-11 16:33:05,959 [WARN] PackLoader:240 - Cannot read IP mode file for STMicroelectronics.X-CUBE-ST60.1.1.0
2025-11-11 16:33:05,962 [WARN] PackLoader:240 - Cannot read IP mode file for emotas.I-CUBE-CANOPEN.1.3.0
2025-11-11 16:33:05,965 [WARN] PackLoader:240 - Cannot read IP mode file for STMicroelectronics.X-CUBE-GNSS1.7.1.0
2025-11-11 16:33:05,970 [WARN] PackLoader:240 - Cannot read IP mode file for STMicroelectronics.FP-SNS-STBOX1.2.1.0
2025-11-11 16:33:05,974 [WARN] PackLoader:240 - Cannot read IP mode file for STMicroelectronics.FP-SNS-SMARTAG2.1.2.0
2025-11-11 16:33:05,976 [WARN] PackLoader:240 - Cannot read IP mode file for STMicroelectronics.FP-SNS-FLIGHT1.5.1.0
2025-11-11 16:33:05,980 [INFO] LogOutputStream:77 - [STDOUT_REDIRECT] 1 : Invalid condition id : UX_CORESTACK_Condition cause : null
2025-11-11 16:33:05,981 [INFO] LogOutputStream:77 - [STDOUT_REDIRECT] 1 : Invalid condition id : UX_CORESTACK_Condition cause : null
2025-11-11 16:33:05,981 [INFO] LogOutputStream:77 - [STDOUT_REDIRECT] 1 : Invalid condition id : UX_CORESTACK_Condition cause : null
2025-11-11 16:33:05,981 [INFO] LogOutputStream:77 - [STDOUT_REDIRECT] 1 : Invalid condition id : UX_CORESTACK_Condition cause : null
2025-11-11 16:33:05,981 [INFO] LogOutputStream:77 - [STDOUT_REDIRECT] 1 : Invalid condition id : UX_CORESTACK_Condition cause : null
2025-11-11 16:33:05,983 [WARN] PackLoader:240 - Cannot read IP mode file for STMicroelectronics.X-CUBE-AZRTOS-WL.2.0.0
2025-11-11 16:33:05,986 [WARN] PackLoader:240 - Cannot read IP mode file for STMicroelectronics.FP-SNS-MOTENV1.5.0.0
2025-11-11 16:33:05,989 [WARN] PackLoader:240 - Cannot read IP mode file for STMicroelectronics.X-CUBE-BLE2.3.3.0
2025-11-11 16:33:05,995 [WARN] PackLoader:240 - Cannot read IP mode file for STMicroelectronics.X-CUBE-NFC9.1.0.0
2025-11-11 16:33:05,998 [WARN] PackLoader:240 - Cannot read IP mode file for wolfSSL.I-CUBE-wolfSSL.5.8.2
2025-11-11 16:33:06,001 [WARN] PackLoader:240 - Cannot read IP mode file for STMicroelectronics.X-CUBE-BLE1.7.1.0
2025-11-11 16:33:06,003 [WARN] PackLoader:240 - Cannot read IP mode file for wolfSSL.I-CUBE-wolfMQTT.1.19.2
2025-11-11 16:33:06,007 [WARN] PackLoader:240 - Cannot read IP mode file for STMicroelectronics.X-CUBE-EEPRMA1.5.2.0
2025-11-11 16:33:06,010 [WARN] PackLoader:240 - Cannot read IP mode file for STMicroelectronics.X-CUBE-ST67W61.1.1.0
2025-11-11 16:33:06,018 [WARN] PackLoader:240 - Cannot read IP mode file for STMicroelectronics.X-CUBE-AZRTOS-G0.1.1.0
2025-11-11 16:33:06,022 [WARN] PackLoader:240 - Cannot read IP mode file for STMicroelectronics.X-CUBE-SAFEA1.1.2.2
2025-11-11 16:33:06,025 [WARN] PackLoader:240 - Cannot read IP mode file for STMicroelectronics.X-CUBE-NFC4.3.0.0
2025-11-11 16:33:06,029 [WARN] PackLoader:240 - Cannot read IP mode file for EmbeddedOffice.I-CUBE-FS-RTOS.1.0.1
2025-11-11 16:33:06,032 [WARN] PackLoader:240 - Cannot read IP mode file for STMicroelectronics.X-CUBE-WB05N.2.0.0
2025-11-11 16:33:06,034 [WARN] PackLoader:240 - Cannot read IP mode file for wolfSSL.I-CUBE-wolfTPM.3.8.0
2025-11-11 16:33:06,037 [WARN] PackLoader:240 - Cannot read IP mode file for STMicroelectronics.X-CUBE-TCPP.4.2.0
2025-11-11 16:33:06,040 [WARN] PackLoader:240 - Cannot read IP mode file for RealThread.X-CUBE-RT-Thread_Nano.4.1.1
2025-11-11 16:33:06,042 [WARN] PackLoader:240 - Cannot read IP mode file for STMicroelectronics.FP-ATR-SIGFOX1.3.2.0
2025-11-11 16:33:06,045 [WARN] PackLoader:240 - Cannot read IP mode file for ITTIA_DB.I-CUBE-ITTIADB.8.9.0
2025-11-11 16:33:06,048 [WARN] PackLoader:240 - Cannot read IP mode file for STMicroelectronics.X-CUBE-ST67W61.1.0.0
2025-11-11 16:33:06,050 [WARN] PackLoader:240 - Cannot read IP mode file for STMicroelectronics.X-CUBE-AI.10.2.0
2025-11-11 16:33:06,063 [WARN] PackLoader:240 - Cannot read IP mode file for SEGGER.I-CUBE-embOS.1.3.1
2025-11-11 16:33:06,083 [WARN] PackLoader:240 - Cannot read IP mode file for STMicroelectronics.X-CUBE-ALGOBUILD.1.4.0
2025-11-11 16:33:06,106 [WARN] PackLoader:240 - Cannot read IP mode file for STMicroelectronics.X-CUBE-MEMS1.11.3.0
2025-11-11 16:33:06,175 [WARN] PackLoader:240 - Cannot read IP mode file for STMicroelectronics.X-CUBE-PM33A1.1.0.0
2025-11-11 16:33:06,183 [WARN] PackLoader:240 - Cannot read IP mode file for STMicroelectronics.X-CUBE-AZRTOS-F4.1.1.0
2025-11-11 16:33:06,185 [WARN] PackLoader:240 - Cannot read IP mode file for Avnet-IotConnect.X-CUBE-IoTC-DA16k-PMOD.1.0.0
2025-11-11 16:33:06,187 [WARN] PackLoader:240 - Cannot read IP mode file for STMicroelectronics.X-CUBE-ISPU.2.1.0
2025-11-11 16:33:06,193 [WARN] PackLoader:240 - Cannot read IP mode file for STMicroelectronics.X-CUBE-IPS.3.2.0
2025-11-11 16:33:06,198 [WARN] PackLoader:240 - Cannot read IP mode file for STMicroelectronics.X-CUBE-NFC12.1.0.0
2025-11-11 16:33:06,206 [WARN] PackLoader:240 - Cannot read IP mode file for STMicroelectronics.X-CUBE-AZRTOS-L5.2.0.0
2025-11-11 16:33:06,210 [WARN] PackLoader:240 - Cannot read IP mode file for STMicroelectronics.X-CUBE-NFC6.3.1.0
2025-11-11 16:33:06,214 [WARN] PackLoader:240 - Cannot read IP mode file for STMicroelectronics.X-CUBE-FREERTOS.1.3.1
2025-11-11 16:33:06,216 [WARN] PackLoader:240 - Cannot read IP mode file for STMicroelectronics.X-CUBE-TOUCHGFX.4.26.0
2025-11-11 16:33:06,218 [WARN] PackLoader:240 - Cannot read IP mode file for STMicroelectronics.FP-SNS-STAIOTCFT.1.0.0
2025-11-11 16:33:06,221 [WARN] PackLoader:240 - Cannot read IP mode file for STMicroelectronics.X-CUBE-DPower.1.3.0
2025-11-11 16:33:06,229 [WARN] ConditionMgr:438 - getConditionDescription Invalid condition id : LAN8742 Phy interface Condition cause : null
2025-11-11 16:33:06,229 [WARN] PackLoader:240 - Cannot read IP mode file for STMicroelectronics.X-CUBE-AZRTOS-L4.2.0.0
2025-11-11 16:33:06,230 [WARN] ConditionMgr:1044 - genDependencies : Invalid condition id : LAN8742 Phy interface Condition cause : null
2025-11-11 16:33:06,230 [WARN] ConditionMgr:1044 - genDependencies : Invalid condition id : LAN8742 Phy interface Condition cause : null
2025-11-11 16:33:06,230 [WARN] ConditionMgr:1044 - genDependencies : Invalid condition id : LAN8742 Phy interface Condition cause : null
2025-11-11 16:33:06,234 [WARN] PackLoader:240 - Cannot read IP mode file for STMicroelectronics.X-CUBE-SFXS2LP1.4.0.0
2025-11-11 16:33:06,240 [WARN] PackLoader:240 - Cannot read IP mode file for STMicroelectronics.X-CUBE-BLEMGR.4.1.0
2025-11-11 16:33:06,246 [WARN] ConditionMgr:438 - getConditionDescription Invalid condition id : UX DEVICE CLASS RTOS Condition cause : null
2025-11-11 16:33:06,247 [WARN] ConditionMgr:438 - getConditionDescription Invalid condition id : UX DEVICE CLASS RTOS Condition cause : null
2025-11-11 16:33:06,248 [WARN] PackLoader:240 - Cannot read IP mode file for STMicroelectronics.X-CUBE-AZRTOS-WB.2.0.0
2025-11-11 16:33:06,248 [WARN] ConditionMgr:1044 - genDependencies : Invalid condition id : UX DEVICE CLASS RTOS Condition cause : null
2025-11-11 16:33:06,248 [WARN] ConditionMgr:1044 - genDependencies : Invalid condition id : UX DEVICE CLASS RTOS Condition cause : null
2025-11-11 16:33:06,248 [WARN] ConditionMgr:1044 - genDependencies : Invalid condition id : UX DEVICE CLASS RTOS Condition cause : null
2025-11-11 16:33:06,248 [WARN] ConditionMgr:1044 - genDependencies : Invalid condition id : UX DEVICE CLASS RTOS Condition cause : null
2025-11-11 16:33:06,248 [WARN] ConditionMgr:1044 - genDependencies : Invalid condition id : UX DEVICE CLASS RTOS Condition cause : null
2025-11-11 16:33:06,251 [WARN] PackLoader:240 - Cannot read IP mode file for STMicroelectronics.X-CUBE-GNSS1.7.0.1
2025-11-11 16:33:06,253 [WARN] PackLoader:240 - Cannot read IP mode file for STMicroelectronics.X-CUBE-TOUCHGFX.4.25.0
2025-11-11 16:33:06,254 [WARN] ConditionMgr:438 - getConditionDescription Invalid condition id : Cortex-A Device cause : null
2025-11-11 16:33:06,257 [WARN] ConditionMgr:1044 - genDependencies : Invalid condition id : Cortex-A Device cause : null
2025-11-11 16:33:06,258 [WARN] ConditionMgr:1044 - genDependencies : Invalid condition id : Cortex-A Device cause : null
2025-11-11 16:33:06,258 [WARN] ConditionMgr:1044 - genDependencies : Invalid condition id : Cortex-A Device cause : null
2025-11-11 16:33:06,262 [WARN] PackLoader:240 - Cannot read IP mode file for STMicroelectronics.X-CUBE-SUBG2.5.0.0
2025-11-11 16:33:06,271 [WARN] PackLoader:240 - Cannot read IP mode file for STMicroelectronics.X-CUBE-AZRTOS-H7RS.1.1.0
2025-11-11 16:33:06,274 [WARN] PackLoader:240 - Cannot read IP mode file for Cesanta.I-CUBE-Mongoose.7.13.0
2025-11-11 16:33:06,280 [WARN] PackLoader:240 - Cannot read IP mode file for STMicroelectronics.X-CUBE-AZRTOS-G4.2.0.0
2025-11-11 16:33:06,282 [WARN] PackLoader:240 - Cannot read IP mode file for wolfSSL.I-CUBE-wolfSSH.1.4.20
2025-11-11 16:33:06,285 [WARN] PackLoader:240 - Cannot read IP mode file for STMicroelectronics.X-CUBE-NFC7.2.0.0
2025-11-11 16:33:06,290 [WARN] PackLoader:240 - Cannot read IP mode file for STMicroelectronics.X-CUBE-IPS.3.1.0
2025-11-11 16:33:06,295 [WARN] PackLoader:240 - Cannot read IP mode file for STMicroelectronics.X-CUBE-ALS.1.0.2
2025-11-11 16:33:06,298 [WARN] PackLoader:240 - Cannot read IP mode file for STMicroelectronics.X-CUBE-STSE01.1.0.0
2025-11-11 16:33:06,301 [WARN] PackLoader:240 - Cannot read IP mode file for portGmbH.I-Cube-SoM-uGOAL.1.1.0
2025-11-11 16:33:06,305 [WARN] PackLoader:240 - Cannot read IP mode file for STMicroelectronics.X-CUBE-TOF1.3.4.3
2025-11-11 16:33:06,311 [INFO] ThirdParty:978 - Integrity check success = true
2025-11-11 16:33:06,311 [INFO] IntegrityCheckThread:100 - exiting critical section [integrity check]
2025-11-11 16:33:06,311 [INFO] IntegrityCheckThread:103 - End integrity checks thread
